<?xml version="1.0" encoding="UTF-8"?>
<!-- Generated by org.testng.reporters.JUnitXMLReporter -->
<testsuite ignored="0" hostname="neel-Aspire-5750" failures="0" tests="3" name="Test" time="11.548" errors="0" timestamp="2022-01-20T16:31:42 IST">
  <testcase classname="Academy.AppTest" name="shouldAnswerWithTrue" time="0.011"/>
  <testcase classname="Academy.HomePage" name="homePageNavigation" time="5.614"/>
  <testcase classname="Academy.HomePage" name="homePageNavigation" time="2.665"/>
</testsuite> <!-- Test -->
