<?xml version="1.0" encoding="UTF-8"?>
<!-- Generated by org.testng.reporters.JUnitXMLReporter -->
<testsuite ignored="0" hostname="neel-Aspire-5750" failures="0" tests="3" name="Test" time="29.935" errors="0" timestamp="2022-01-21T11:40:53 IST">
  <testcase classname="Academy.AppTest" name="shouldAnswerWithTrue" time="0.004"/>
  <testcase classname="Academy.HomePage" name="homePageNavigation" time="24.279"/>
  <testcase classname="Academy.HomePage" name="homePageNavigation" time="2.432"/>
</testsuite> <!-- Test -->
