<?xml version="1.0" encoding="UTF-8" ?>
<testsuite tests="4" failures="0" name="TestSuite" time="39.05" errors="0" skipped="0">
  <properties>
[...]
</properties>
  <testcase classname="Academy.AppTest" name="shouldAnswerWithTrue" time="0.05"/>
  <testcase classname="Academy.HomePage" name="homePageNavigation" time="21.33"/>
  <testcase classname="Academy.HomePage" name="homePageNavigation" time="3.942"/>
  <testcase classname="Academy.PracticePageC" name="PracticePageNavigation" time="13.728"/>
</testsuite>