<?xml version="1.0" encoding="UTF-8"?>
<testng-results ignored="0" total="4" passed="4" failed="0" skipped="0">
  <reporter-output>
  </reporter-output>
  <suite started-at="2022-01-24T13:05:08 IST" name="Suite" finished-at="2022-01-24T13:05:46 IST" duration-ms="37692">
    <groups>
    </groups>
    <test started-at="2022-01-24T13:05:08 IST" name="Test3" finished-at="2022-01-24T13:05:08 IST" duration-ms="4">
    </test> <!-- Test3 -->
    <test started-at="2022-01-24T13:05:08 IST" name="Test1" finished-at="2022-01-24T13:05:08 IST" duration-ms="106">
      <class name="Academy.AppTest">
        <test-method signature="shouldAnswerWithTrue()[pri:0, instance:Academy.AppTest@59662a0b]" started-at="2022-01-24T13:05:08 IST" name="shouldAnswerWithTrue" finished-at="2022-01-24T13:05:08 IST" duration-ms="31" status="PASS">
          <reporter-output>
          </reporter-output>
        </test-method> <!-- shouldAnswerWithTrue -->
      </class> <!-- Academy.AppTest -->
    </test> <!-- Test1 -->
    <test started-at="2022-01-24T13:05:08 IST" name="HomePage" finished-at="2022-01-24T13:05:36 IST" duration-ms="27909">
      <class name="Academy.HomePage">
        <test-method is-config="true" signature="initialize()[pri:0, instance:Academy.HomePage@56e8b606]" started-at="2022-01-24T13:05:08 IST" name="initialize" finished-at="2022-01-24T13:05:11 IST" duration-ms="2548" status="PASS">
          <reporter-output>
          </reporter-output>
        </test-method> <!-- initialize -->
        <test-method signature="homePageNavigation(java.lang.String,java.lang.String)[pri:0, instance:Academy.HomePage@56e8b606]" started-at="2022-01-24T13:05:11 IST" name="homePageNavigation" data-provider="getData" finished-at="2022-01-24T13:05:32 IST" duration-ms="21330" status="PASS">
          <params>
            <param index="0">
              <value>
                <![CDATA[nonrestrickteduser@gmail.com]]>
              </value>
            </param>
            <param index="1">
              <value>
                <![CDATA[12345677]]>
              </value>
            </param>
          </params>
          <reporter-output>
          </reporter-output>
        </test-method> <!-- homePageNavigation -->
        <test-method signature="homePageNavigation(java.lang.String,java.lang.String)[pri:0, instance:Academy.HomePage@56e8b606]" started-at="2022-01-24T13:05:32 IST" name="homePageNavigation" data-provider="getData" finished-at="2022-01-24T13:05:36 IST" duration-ms="3940" status="PASS">
          <params>
            <param index="0">
              <value>
                <![CDATA[restricteduser@gmail.com]]>
              </value>
            </param>
            <param index="1">
              <value>
                <![CDATA[23432432]]>
              </value>
            </param>
          </params>
          <reporter-output>
          </reporter-output>
        </test-method> <!-- homePageNavigation -->
        <test-method is-config="true" signature="tearDown()[pri:0, instance:Academy.HomePage@56e8b606]" started-at="2022-01-24T13:05:36 IST" name="tearDown" finished-at="2022-01-24T13:05:36 IST" duration-ms="73" status="PASS">
          <reporter-output>
          </reporter-output>
        </test-method> <!-- tearDown -->
      </class> <!-- Academy.HomePage -->
    </test> <!-- HomePage -->
    <test started-at="2022-01-24T13:05:08 IST" name="Practice" finished-at="2022-01-24T13:05:46 IST" duration-ms="37686">
      <class name="Academy.PracticePageC">
        <test-method is-config="true" signature="initialize()[pri:0, instance:Academy.PracticePageC@366c4480]" started-at="2022-01-24T13:05:08 IST" name="initialize" finished-at="2022-01-24T13:05:11 IST" duration-ms="2547" status="PASS">
          <reporter-output>
          </reporter-output>
        </test-method> <!-- initialize -->
        <test-method signature="PracticePageNavigation()[pri:0, instance:Academy.PracticePageC@366c4480]" started-at="2022-01-24T13:05:11 IST" name="PracticePageNavigation" finished-at="2022-01-24T13:05:46 IST" duration-ms="35065" status="PASS">
          <reporter-output>
          </reporter-output>
        </test-method> <!-- PracticePageNavigation -->
        <test-method is-config="true" signature="tearDown()[pri:0, instance:Academy.PracticePageC@366c4480]" started-at="2022-01-24T13:05:46 IST" name="tearDown" finished-at="2022-01-24T13:05:46 IST" duration-ms="68" status="PASS">
          <reporter-output>
          </reporter-output>
        </test-method> <!-- tearDown -->
      </class> <!-- Academy.PracticePageC -->
    </test> <!-- Practice -->
  </suite> <!-- Suite -->
</testng-results>
